app/build/outputs/logs/manifest-merger-debug-report.txt
-- Merging decision tree log ---
manifest
ADDED from src/main/AndroidManifest.xml:2:1-64:12
	package
		ADDED from src/main/AndroidManifest.xml:3:5-33
		INJECTED from src/main/AndroidManifest.xml
		INJECTED from src/main/AndroidManifest.xml
	android:versionName
		INJECTED from src/main/AndroidManifest.xml
		INJECTED from src/main/AndroidManifest.xml
	xmlns:android
		ADDED from src/main/AndroidManifest.xml:2:11-69
	android:versionCode
		INJECTED from src/main/AndroidManifest.xml
		INJECTED from src/main/AndroidManifest.xml
application
ADDED from src/main/AndroidManifest.xml:5:5-62:19
MERGED from [com.android.support:appcompat-v7:22.1.1] AndroidManifest.xml:22:5-20
MERGED from [com.android.support:support-v4:22.1.1] AndroidManifest.xml:22:5-20
	android:label
		ADDED from src/main/AndroidManifest.xml:8:9-41
	android:allowBackup
		ADDED from src/main/AndroidManifest.xml:6:9-35
	android:icon
		ADDED from src/main/AndroidManifest.xml:7:9-38
	android:theme
		ADDED from src/main/AndroidManifest.xml:9:9-40
activity#cmu.QuizDroidFinal.MainActivity
ADDED from src/main/AndroidManifest.xml:10:9-19:20
	android:screenOrientation
		ADDED from src/main/AndroidManifest.xml:13:13-49
	android:label
		ADDED from src/main/AndroidManifest.xml:12:13-45
	android:name
		ADDED from src/main/AndroidManifest.xml:11:13-41
intent-filter#android.intent.action.MAIN+android.intent.category.LAUNCHER
ADDED from src/main/AndroidManifest.xml:14:13-18:29
action#android.intent.action.MAIN
ADDED from src/main/AndroidManifest.xml:15:17-69
	android:name
		ADDED from src/main/AndroidManifest.xml:15:25-66
category#android.intent.category.LAUNCHER
ADDED from src/main/AndroidManifest.xml:17:17-77
	android:name
		ADDED from src/main/AndroidManifest.xml:17:27-74
activity#cmu.QuizDroidFinal.QuestionActivity
ADDED from src/main/AndroidManifest.xml:20:9-23:52
	android:screenOrientation
		ADDED from src/main/AndroidManifest.xml:23:13-49
	android:label
		ADDED from src/main/AndroidManifest.xml:22:13-45
	android:name
		ADDED from src/main/AndroidManifest.xml:21:13-45
activity#cmu.QuizDroidFinal.ResultActivity
ADDED from src/main/AndroidManifest.xml:24:9-27:52
	android:screenOrientation
		ADDED from src/main/AndroidManifest.xml:27:13-49
	android:label
		ADDED from src/main/AndroidManifest.xml:26:13-45
	android:name
		ADDED from src/main/AndroidManifest.xml:25:13-43
activity#cmu.QuizDroidFinal.NiveisActivity
ADDED from src/main/AndroidManifest.xml:28:9-31:52
	android:screenOrientation
		ADDED from src/main/AndroidManifest.xml:31:13-49
	android:label
		ADDED from src/main/AndroidManifest.xml:30:13-45
	android:name
		ADDED from src/main/AndroidManifest.xml:29:13-43
activity#cmu.QuizDroidFinal.PerfilActivity
ADDED from src/main/AndroidManifest.xml:32:9-35:52
	android:screenOrientation
		ADDED from src/main/AndroidManifest.xml:35:13-49
	android:label
		ADDED from src/main/AndroidManifest.xml:34:13-45
	android:name
		ADDED from src/main/AndroidManifest.xml:33:13-43
activity#cmu.QuizDroidFinal.RankingActivity
ADDED from src/main/AndroidManifest.xml:36:9-39:52
	android:screenOrientation
		ADDED from src/main/AndroidManifest.xml:39:13-49
	android:label
		ADDED from src/main/AndroidManifest.xml:38:13-45
	android:name
		ADDED from src/main/AndroidManifest.xml:37:13-44
receiver#layout.QuestionWidget
ADDED from src/main/AndroidManifest.xml:41:9-49:20
	android:name
		ADDED from src/main/AndroidManifest.xml:41:19-55
intent-filter#android.appwidget.action.APPWIDGET_UPDATE
ADDED from src/main/AndroidManifest.xml:42:13-44:29
action#android.appwidget.action.APPWIDGET_UPDATE
ADDED from src/main/AndroidManifest.xml:43:17-84
	android:name
		ADDED from src/main/AndroidManifest.xml:43:25-81
meta-data#android.appwidget.provider
ADDED from src/main/AndroidManifest.xml:46:13-48:64
	android:resource
		ADDED from src/main/AndroidManifest.xml:48:17-61
	android:name
		ADDED from src/main/AndroidManifest.xml:47:17-58
activity#layout.QuestionWidgetConfigureActivity
ADDED from src/main/AndroidManifest.xml:51:9-55:20
	android:name
		ADDED from src/main/AndroidManifest.xml:51:19-72
intent-filter#android.appwidget.action.APPWIDGET_CONFIGURE
ADDED from src/main/AndroidManifest.xml:52:13-54:29
action#android.appwidget.action.APPWIDGET_CONFIGURE
ADDED from src/main/AndroidManifest.xml:53:17-87
	android:name
		ADDED from src/main/AndroidManifest.xml:53:25-84
activity#cmu.QuizDroidFinal.AdministracaoActivity
ADDED from src/main/AndroidManifest.xml:56:9-59
	android:name
		ADDED from src/main/AndroidManifest.xml:56:19-56
activity#cmu.QuizDroidFinal.AdicionarActivity
ADDED from src/main/AndroidManifest.xml:57:9-55
	android:name
		ADDED from src/main/AndroidManifest.xml:57:19-52
activity#cmu.QuizDroidFinal.QuestionActivityFacil
ADDED from src/main/AndroidManifest.xml:58:9-59
	android:name
		ADDED from src/main/AndroidManifest.xml:58:19-56
activity#cmu.QuizDroidFinal.QuestionActivityModerado
ADDED from src/main/AndroidManifest.xml:59:9-62
	android:name
		ADDED from src/main/AndroidManifest.xml:59:19-59
activity#cmu.QuizDroidFinal.QuestionActivityDificil
ADDED from src/main/AndroidManifest.xml:60:9-61
	android:name
		ADDED from src/main/AndroidManifest.xml:60:19-58
activity#cmu.QuizDroidFinal.PreferenceActivity
ADDED from src/main/AndroidManifest.xml:61:9-65
	android:name
		ADDED from src/main/AndroidManifest.xml:61:19-53
uses-sdk
INJECTED from src/main/AndroidManifest.xml reason: use-sdk injection requested
MERGED from [com.android.support:appcompat-v7:22.1.1] AndroidManifest.xml:20:5-43
MERGED from [com.android.support:support-v4:22.1.1] AndroidManifest.xml:20:5-43
	android:targetSdkVersion
		INJECTED from src/main/AndroidManifest.xml
		INJECTED from src/main/AndroidManifest.xml
	android:minSdkVersion
		INJECTED from src/main/AndroidManifest.xml
		INJECTED from src/main/AndroidManifest.xml